  Lab2.cpp
C:\MyProgramming\For-BSU\BSU-FifthTerm\NM\Lab2\Lab2\Lab2.cpp(63,35): warning C4244: '+=': conversion from '_Ty' to 'int', possible loss of data
          with
          [
              _Ty=double
          ]
C:\MyProgramming\For-BSU\BSU-FifthTerm\NM\Lab2\Lab2\Lab2.cpp(218,29): warning C4244: 'argument': conversion from 'const _Ty' to 'float', possible loss of data
          with
          [
              _Ty=double
          ]
C:\MyProgramming\For-BSU\BSU-FifthTerm\NM\Lab2\Lab2\Lab2.cpp(251,122): warning C4244: 'initializing': conversion from '_Rep' to 'int', possible loss of data
          with
          [
              _Rep=__int64
          ]
C:\MyProgramming\For-BSU\BSU-FifthTerm\NM\Lab2\Lab2\Lab2.cpp(251,35): warning C4244: 'initializing': conversion from '_Rep' to 'const int', possible loss of data
          with
          [
              _Rep=__int64
          ]
C:\MyProgramming\For-BSU\BSU-FifthTerm\NM\Lab2\Lab2\Lab2.cpp(265,126): warning C4244: 'initializing': conversion from '_Rep' to 'int', possible loss of data
          with
          [
              _Rep=__int64
          ]
C:\MyProgramming\For-BSU\BSU-FifthTerm\NM\Lab2\Lab2\Lab2.cpp(265,47): warning C4244: 'initializing': conversion from '_Rep' to 'const int', possible loss of data
          with
          [
              _Rep=__int64
          ]
  Lab2.vcxproj -> C:\MyProgramming\For-BSU\BSU-FifthTerm\NM\Lab2\x64\Debug\Lab2.exe
