  lab.cpp
C:\MyProgramming\For-BSU\BSU-FifthTerm\NM\Lab5\lab\lab.cpp(63,35): warning C4244: '+=': conversion from '_Ty' to 'int', possible loss of data
          with
          [
              _Ty=double
          ]
C:\MyProgramming\For-BSU\BSU-FifthTerm\NM\Lab5\lab\lab.cpp(218,29): warning C4244: 'argument': conversion from 'const _Ty' to 'float', possible loss of data
          with
          [
              _Ty=double
          ]
C:\MyProgramming\For-BSU\BSU-FifthTerm\NM\Lab5\lab\lab.cpp(251,122): warning C4244: 'initializing': conversion from '_Rep' to 'int', possible loss of data
          with
          [
              _Rep=__int64
          ]
C:\MyProgramming\For-BSU\BSU-FifthTerm\NM\Lab5\lab\lab.cpp(251,35): warning C4244: 'initializing': conversion from '_Rep' to 'const int', possible loss of data
          with
          [
              _Rep=__int64
          ]
  lab.vcxproj -> C:\MyProgramming\For-BSU\BSU-FifthTerm\NM\Lab5\lab\x64\Debug\lab.exe
