  Lab3.cpp
C:\MyProgramming\For-BSU\BSU-FifthTerm\NM\Lab3\Lab3\Lab3\Lab3.cpp(44,23): warning C4244: '=': conversion from 'int' to '_Ty', possible loss of data
          with
          [
              _Ty=float
          ]
C:\MyProgramming\For-BSU\BSU-FifthTerm\NM\Lab3\Lab3\Lab3\Lab3.cpp(100,55): warning C4244: '=': conversion from 'double' to '_Ty', possible loss of data
          with
          [
              _Ty=float
          ]
C:\MyProgramming\For-BSU\BSU-FifthTerm\NM\Lab3\Lab3\Lab3\Lab3.cpp(102,45): warning C4244: '=': conversion from 'double' to '_Ty', possible loss of data
          with
          [
              _Ty=float
          ]
C:\MyProgramming\For-BSU\BSU-FifthTerm\NM\Lab3\Lab3\Lab3\Lab3.cpp(117,45): warning C4244: '=': conversion from 'double' to '_Ty', possible loss of data
          with
          [
              _Ty=float
          ]
C:\MyProgramming\For-BSU\BSU-FifthTerm\NM\Lab3\Lab3\Lab3\Lab3.cpp(213,110): warning C4244: 'initializing': conversion from '_Rep' to 'int', possible loss of data
          with
          [
              _Rep=__int64
          ]
C:\MyProgramming\For-BSU\BSU-FifthTerm\NM\Lab3\Lab3\Lab3\Lab3.cpp(213,26): warning C4244: 'initializing': conversion from '_Rep' to 'const int', possible loss of data
          with
          [
              _Rep=__int64
          ]
C:\MyProgramming\For-BSU\BSU-FifthTerm\NM\Lab3\Lab3\Lab3\Lab3.cpp(228,116): warning C4244: 'initializing': conversion from '_Rep' to 'int', possible loss of data
          with
          [
              _Rep=__int64
          ]
C:\MyProgramming\For-BSU\BSU-FifthTerm\NM\Lab3\Lab3\Lab3\Lab3.cpp(228,47): warning C4244: 'initializing': conversion from '_Rep' to 'const int', possible loss of data
          with
          [
              _Rep=__int64
          ]
  Lab3.vcxproj -> C:\MyProgramming\For-BSU\BSU-FifthTerm\NM\Lab3\Lab3\x64\Debug\Lab3.exe
